Arguments: 
  /home/wistonthiago/.nvm/versions/node/v20.12.1/bin/node /mnt/c/Program Files (x86)/Yarn/bin/yarn.js add bootstrap @pooperjs/core

PATH: 
  /home/wistonthiago/.rbenv/shims:/home/wistonthiago/.rbenv/bin:/home/wistonthiago/.vscode-server/bin/5437499feb04f7a586f677b155b039bc2b3669eb/bin/remote-cli:/home/wistonthiago/.nvm/versions/node/v20.12.1/bin:/home/wistonthiago/.rbenv/shims:/home/wistonthiago/.rbenv/bin:/usr/local/sbin:/usr/local/bin:/usr/sbin:/usr/bin:/sbin:/bin:/usr/games:/usr/local/games:/usr/lib/wsl/lib:/mnt/c/Program Files/Common Files/Oracle/Java/javapath:/mnt/c/Ruby32-x64/bin:/mnt/c/Windows/system32:/mnt/c/Windows:/mnt/c/Windows/System32/Wbem:/mnt/c/Windows/System32/WindowsPowerShell/v1.0/:/mnt/c/Windows/System32/OpenSSH/:/mnt/c/Program Files (x86)/NVIDIA Corporation/PhysX/Common:/mnt/c/Program Files/dotnet/:/mnt/c/ProgramData/chocolatey/bin:/mnt/c/PHP:/mnt/c/Program Files/Git/cmd:/mnt/c/Program Files (x86)/Yarn/bin/:/mnt/c/Program Files/nodejs/:/mnt/c/MinGW/bin:/mnt/c/Users/Thiago/AppData/Local/Programs/Python/Python312/Scripts/:/mnt/c/Users/Thiago/AppData/Local/Programs/Python/Python312/:/mnt/c/Users/Thiago/AppData/Local/Microsoft/WindowsApps:/mnt/c/Users/Thiago/AppData/Local/Programs/Microsoft VS Code/bin:/mnt/c/Users/Thiago/AppData/Local/Yarn/bin:/mnt/c/Users/Thiago/AppData/Roaming/npm:/snap/bin

Yarn version: 
  1.22.19

Node version: 
  20.12.1

Platform: 
  linux x64

Trace: 
  Error: https://registry.yarnpkg.com/@pooperjs%2fcore: Not found
      at params.callback [as _callback] (/mnt/c/Program Files (x86)/Yarn/lib/cli.js:66145:18)
      at self.callback (/mnt/c/Program Files (x86)/Yarn/lib/cli.js:140890:22)
      at Request.emit (node:events:518:28)
      at Request.<anonymous> (/mnt/c/Program Files (x86)/Yarn/lib/cli.js:141862:10)
      at Request.emit (node:events:518:28)
      at IncomingMessage.<anonymous> (/mnt/c/Program Files (x86)/Yarn/lib/cli.js:141784:12)
      at Object.onceWrapper (node:events:632:28)
      at IncomingMessage.emit (node:events:530:35)
      at endReadableNT (node:internal/streams/readable:1696:12)
      at process.processTicksAndRejections (node:internal/process/task_queues:82:21)

npm manifest: 
  {
    "dependencies": {
      "bootstrap": "^5.3.3"
    }
  }

yarn manifest: 
  No manifest

Lockfile: 
  # THIS IS AN AUTOGENERATED FILE. DO NOT EDIT THIS FILE DIRECTLY.
  # yarn lockfile v1
  
  
  bootstrap@^5.3.3:
    version "5.3.3"
    resolved "https://registry.yarnpkg.com/bootstrap/-/bootstrap-5.3.3.tgz#de35e1a765c897ac940021900fcbb831602bac38"
    integrity sha512-8HLCdWgyoMguSO9o+aH+iuZ+aht+mzW0u3HIMzVu7Srrpv7EBBxTnrFlSCskwdY1+EOFQSm7uMJhNQHkdPcmjg==
